{"name":"hexo","hostname":"zhanglus-MacBook-Pro.local","pid":5814,"level":20,"msg":"Writing database to /Users/zhanglu/Documents/piieuler.github.io/db.json","time":"2019-05-22T07:38:18.542Z","v":0}
{"name":"hexo","hostname":"zhanglus-MacBook-Pro.local","pid":5814,"level":20,"msg":"Hexo version: \u001b[35m3.8.0\u001b[39m","time":"2019-05-22T07:38:18.558Z","v":0}
{"name":"hexo","hostname":"zhanglus-MacBook-Pro.local","pid":5814,"level":20,"msg":"Working directory: \u001b[35m~/Documents/piieuler.github.io/\u001b[39m","time":"2019-05-22T07:38:18.559Z","v":0}
{"name":"hexo","hostname":"zhanglus-MacBook-Pro.local","pid":5814,"level":20,"msg":"Config loaded: \u001b[35m~/Documents/piieuler.github.io/_config.yml\u001b[39m","time":"2019-05-22T07:38:18.655Z","v":0}
{"name":"hexo","hostname":"zhanglus-MacBook-Pro.local","pid":5814,"level":20,"msg":"Plugin loaded: \u001b[35mhexo-generator-archive\u001b[39m","time":"2019-05-22T07:38:18.669Z","v":0}
{"name":"hexo","hostname":"zhanglus-MacBook-Pro.local","pid":5814,"level":20,"msg":"Plugin loaded: \u001b[35mhexo-generator-category\u001b[39m","time":"2019-05-22T07:38:18.670Z","v":0}
{"name":"hexo","hostname":"zhanglus-MacBook-Pro.local","pid":5814,"level":20,"msg":"Plugin loaded: \u001b[35mhexo-generator-index\u001b[39m","time":"2019-05-22T07:38:18.672Z","v":0}
{"name":"hexo","hostname":"zhanglus-MacBook-Pro.local","pid":5814,"level":20,"msg":"Plugin loaded: \u001b[35mhexo-generator-tag\u001b[39m","time":"2019-05-22T07:38:18.673Z","v":0}
{"name":"hexo","hostname":"zhanglus-MacBook-Pro.local","pid":5814,"level":20,"msg":"Plugin loaded: \u001b[35mhexo-renderer-ejs\u001b[39m","time":"2019-05-22T07:38:18.678Z","v":0}
{"name":"hexo","hostname":"zhanglus-MacBook-Pro.local","pid":5814,"level":20,"msg":"Plugin loaded: \u001b[35mhexo-renderer-stylus\u001b[39m","time":"2019-05-22T07:38:18.679Z","v":0}
{"name":"hexo","hostname":"zhanglus-MacBook-Pro.local","pid":5814,"level":20,"msg":"Plugin loaded: \u001b[35mhexo-renderer-marked\u001b[39m","time":"2019-05-22T07:38:18.683Z","v":0}
{"name":"hexo","hostname":"zhanglus-MacBook-Pro.local","pid":5814,"level":20,"msg":"Plugin loaded: \u001b[35mhexo-server\u001b[39m","time":"2019-05-22T07:38:18.732Z","v":0}
{"name":"hexo","hostname":"zhanglus-MacBook-Pro.local","pid":5814,"level":20,"msg":"Script loaded: \u001b[35mthemes/landscape/scripts/fancybox.js\u001b[39m","time":"2019-05-22T07:38:18.735Z","v":0}
{"name":"hexo","hostname":"zhanglus-MacBook-Pro.local","pid":5814,"level":20,"msg":"Loading database.","time":"2019-05-22T07:38:18.759Z","v":0}
{"name":"hexo","hostname":"zhanglus-MacBook-Pro.local","pid":5814,"level":30,"msg":"Start processing","time":"2019-05-22T07:38:18.768Z","v":0}
{"name":"hexo","hostname":"zhanglus-MacBook-Pro.local","pid":5814,"level":20,"msg":"Theme config loaded.","time":"2019-05-22T07:38:18.829Z","v":0}
{"name":"hexo","hostname":"zhanglus-MacBook-Pro.local","pid":5814,"level":20,"msg":"Processed: \u001b[35m_config.yml\u001b[39m","time":"2019-05-22T07:38:18.830Z","v":0}
{"name":"hexo","hostname":"zhanglus-MacBook-Pro.local","pid":5814,"level":20,"msg":"Processed: \u001b[35msource/fancybox/blank.gif\u001b[39m","time":"2019-05-22T07:38:18.838Z","v":0}
{"name":"hexo","hostname":"zhanglus-MacBook-Pro.local","pid":5814,"level":20,"msg":"Processed: \u001b[35msource/fancybox/fancybox_loading.gif\u001b[39m","time":"2019-05-22T07:38:18.839Z","v":0}
{"name":"hexo","hostname":"zhanglus-MacBook-Pro.local","pid":5814,"level":20,"msg":"Processed: \u001b[35msource/fancybox/fancybox_loading@2x.gif\u001b[39m","time":"2019-05-22T07:38:18.839Z","v":0}
{"name":"hexo","hostname":"zhanglus-MacBook-Pro.local","pid":5814,"level":20,"msg":"Processed: \u001b[35msource/fancybox/fancybox_overlay.png\u001b[39m","time":"2019-05-22T07:38:18.840Z","v":0}
{"name":"hexo","hostname":"zhanglus-MacBook-Pro.local","pid":5814,"level":20,"msg":"Processed: \u001b[35msource/fancybox/fancybox_sprite.png\u001b[39m","time":"2019-05-22T07:38:18.841Z","v":0}
{"name":"hexo","hostname":"zhanglus-MacBook-Pro.local","pid":5814,"level":20,"msg":"Processed: \u001b[35msource/fancybox/fancybox_sprite@2x.png\u001b[39m","time":"2019-05-22T07:38:18.842Z","v":0}
{"name":"hexo","hostname":"zhanglus-MacBook-Pro.local","pid":5814,"level":20,"msg":"Processed: \u001b[35msource/fancybox/jquery.fancybox.css\u001b[39m","time":"2019-05-22T07:38:18.843Z","v":0}
{"name":"hexo","hostname":"zhanglus-MacBook-Pro.local","pid":5814,"level":20,"msg":"Processed: \u001b[35msource/fancybox/jquery.fancybox.js\u001b[39m","time":"2019-05-22T07:38:18.844Z","v":0}
{"name":"hexo","hostname":"zhanglus-MacBook-Pro.local","pid":5814,"level":20,"msg":"Processed: \u001b[35msource/fancybox/jquery.fancybox.pack.js\u001b[39m","time":"2019-05-22T07:38:18.845Z","v":0}
{"name":"hexo","hostname":"zhanglus-MacBook-Pro.local","pid":5814,"level":20,"msg":"Processed: \u001b[35msource/js/script.js\u001b[39m","time":"2019-05-22T07:38:18.845Z","v":0}
{"name":"hexo","hostname":"zhanglus-MacBook-Pro.local","pid":5814,"level":20,"msg":"Processed: \u001b[35msource/css/style.styl\u001b[39m","time":"2019-05-22T07:38:18.845Z","v":0}
{"name":"hexo","hostname":"zhanglus-MacBook-Pro.local","pid":5814,"level":20,"msg":"Processed: \u001b[35mlayout/archive.ejs\u001b[39m","time":"2019-05-22T07:38:18.871Z","v":0}
{"name":"hexo","hostname":"zhanglus-MacBook-Pro.local","pid":5814,"level":20,"msg":"Processed: \u001b[35mlayout/category.ejs\u001b[39m","time":"2019-05-22T07:38:18.871Z","v":0}
{"name":"hexo","hostname":"zhanglus-MacBook-Pro.local","pid":5814,"level":20,"msg":"Processed: \u001b[35mlayout/index.ejs\u001b[39m","time":"2019-05-22T07:38:18.871Z","v":0}
{"name":"hexo","hostname":"zhanglus-MacBook-Pro.local","pid":5814,"level":20,"msg":"Processed: \u001b[35mlayout/layout.ejs\u001b[39m","time":"2019-05-22T07:38:18.871Z","v":0}
{"name":"hexo","hostname":"zhanglus-MacBook-Pro.local","pid":5814,"level":20,"msg":"Processed: \u001b[35mlayout/page.ejs\u001b[39m","time":"2019-05-22T07:38:18.872Z","v":0}
{"name":"hexo","hostname":"zhanglus-MacBook-Pro.local","pid":5814,"level":20,"msg":"Processed: \u001b[35mlayout/post.ejs\u001b[39m","time":"2019-05-22T07:38:18.872Z","v":0}
{"name":"hexo","hostname":"zhanglus-MacBook-Pro.local","pid":5814,"level":20,"msg":"Processed: \u001b[35mlayout/tag.ejs\u001b[39m","time":"2019-05-22T07:38:18.872Z","v":0}
{"name":"hexo","hostname":"zhanglus-MacBook-Pro.local","pid":5814,"level":20,"msg":"Processed: \u001b[35m_posts/hello-world.md\u001b[39m","time":"2019-05-22T07:38:18.882Z","v":0}
{"name":"hexo","hostname":"zhanglus-MacBook-Pro.local","pid":5814,"level":20,"msg":"Processed: \u001b[35mlanguages/fr.yml\u001b[39m","time":"2019-05-22T07:38:18.882Z","v":0}
{"name":"hexo","hostname":"zhanglus-MacBook-Pro.local","pid":5814,"level":20,"msg":"Processed: \u001b[35mlanguages/default.yml\u001b[39m","time":"2019-05-22T07:38:18.882Z","v":0}
{"name":"hexo","hostname":"zhanglus-MacBook-Pro.local","pid":5814,"level":20,"msg":"Processed: \u001b[35mlanguages/nl.yml\u001b[39m","time":"2019-05-22T07:38:18.882Z","v":0}
{"name":"hexo","hostname":"zhanglus-MacBook-Pro.local","pid":5814,"level":20,"msg":"Processed: \u001b[35mlanguages/no.yml\u001b[39m","time":"2019-05-22T07:38:18.883Z","v":0}
{"name":"hexo","hostname":"zhanglus-MacBook-Pro.local","pid":5814,"level":20,"msg":"Processed: \u001b[35mlanguages/ru.yml\u001b[39m","time":"2019-05-22T07:38:18.883Z","v":0}
{"name":"hexo","hostname":"zhanglus-MacBook-Pro.local","pid":5814,"level":20,"msg":"Processed: \u001b[35mlanguages/zh-CN.yml\u001b[39m","time":"2019-05-22T07:38:18.883Z","v":0}
{"name":"hexo","hostname":"zhanglus-MacBook-Pro.local","pid":5814,"level":20,"msg":"Processed: \u001b[35mlanguages/zh-TW.yml\u001b[39m","time":"2019-05-22T07:38:18.883Z","v":0}
{"name":"hexo","hostname":"zhanglus-MacBook-Pro.local","pid":5814,"level":20,"msg":"Processed: \u001b[35msource/css/fonts/FontAwesome.otf\u001b[39m","time":"2019-05-22T07:38:18.893Z","v":0}
{"name":"hexo","hostname":"zhanglus-MacBook-Pro.local","pid":5814,"level":20,"msg":"Processed: \u001b[35msource/css/fonts/fontawesome-webfont.eot\u001b[39m","time":"2019-05-22T07:38:18.893Z","v":0}
{"name":"hexo","hostname":"zhanglus-MacBook-Pro.local","pid":5814,"level":20,"msg":"Processed: \u001b[35msource/css/fonts/fontawesome-webfont.woff\u001b[39m","time":"2019-05-22T07:38:18.894Z","v":0}
{"name":"hexo","hostname":"zhanglus-MacBook-Pro.local","pid":5814,"level":20,"msg":"Processed: \u001b[35msource/fancybox/helpers/fancybox_buttons.png\u001b[39m","time":"2019-05-22T07:38:18.895Z","v":0}
{"name":"hexo","hostname":"zhanglus-MacBook-Pro.local","pid":5814,"level":20,"msg":"Processed: \u001b[35msource/fancybox/helpers/jquery.fancybox-buttons.css\u001b[39m","time":"2019-05-22T07:38:18.896Z","v":0}
{"name":"hexo","hostname":"zhanglus-MacBook-Pro.local","pid":5814,"level":20,"msg":"Processed: \u001b[35msource/fancybox/helpers/jquery.fancybox-buttons.js\u001b[39m","time":"2019-05-22T07:38:18.896Z","v":0}
{"name":"hexo","hostname":"zhanglus-MacBook-Pro.local","pid":5814,"level":20,"msg":"Processed: \u001b[35msource/fancybox/helpers/jquery.fancybox-media.js\u001b[39m","time":"2019-05-22T07:38:18.897Z","v":0}
{"name":"hexo","hostname":"zhanglus-MacBook-Pro.local","pid":5814,"level":20,"msg":"Processed: \u001b[35msource/fancybox/helpers/jquery.fancybox-thumbs.css\u001b[39m","time":"2019-05-22T07:38:18.897Z","v":0}
{"name":"hexo","hostname":"zhanglus-MacBook-Pro.local","pid":5814,"level":20,"msg":"Processed: \u001b[35msource/fancybox/helpers/jquery.fancybox-thumbs.js\u001b[39m","time":"2019-05-22T07:38:18.897Z","v":0}
{"name":"hexo","hostname":"zhanglus-MacBook-Pro.local","pid":5814,"level":20,"msg":"Processed: \u001b[35msource/css/fonts/fontawesome-webfont.ttf\u001b[39m","time":"2019-05-22T07:38:18.920Z","v":0}
{"name":"hexo","hostname":"zhanglus-MacBook-Pro.local","pid":5814,"level":20,"msg":"Processed: \u001b[35mlayout/_partial/archive-post.ejs\u001b[39m","time":"2019-05-22T07:38:18.926Z","v":0}
{"name":"hexo","hostname":"zhanglus-MacBook-Pro.local","pid":5814,"level":20,"msg":"Processed: \u001b[35mlayout/_partial/archive.ejs\u001b[39m","time":"2019-05-22T07:38:18.926Z","v":0}
{"name":"hexo","hostname":"zhanglus-MacBook-Pro.local","pid":5814,"level":20,"msg":"Processed: \u001b[35mlayout/_partial/article.ejs\u001b[39m","time":"2019-05-22T07:38:18.926Z","v":0}
{"name":"hexo","hostname":"zhanglus-MacBook-Pro.local","pid":5814,"level":20,"msg":"Processed: \u001b[35mlayout/_partial/footer.ejs\u001b[39m","time":"2019-05-22T07:38:18.927Z","v":0}
{"name":"hexo","hostname":"zhanglus-MacBook-Pro.local","pid":5814,"level":20,"msg":"Processed: \u001b[35mlayout/_partial/google-analytics.ejs\u001b[39m","time":"2019-05-22T07:38:18.927Z","v":0}
{"name":"hexo","hostname":"zhanglus-MacBook-Pro.local","pid":5814,"level":20,"msg":"Processed: \u001b[35mlayout/_partial/head.ejs\u001b[39m","time":"2019-05-22T07:38:18.927Z","v":0}
{"name":"hexo","hostname":"zhanglus-MacBook-Pro.local","pid":5814,"level":20,"msg":"Processed: \u001b[35mlayout/_partial/header.ejs\u001b[39m","time":"2019-05-22T07:38:18.927Z","v":0}
{"name":"hexo","hostname":"zhanglus-MacBook-Pro.local","pid":5814,"level":20,"msg":"Processed: \u001b[35mlayout/_partial/mobile-nav.ejs\u001b[39m","time":"2019-05-22T07:38:18.927Z","v":0}
{"name":"hexo","hostname":"zhanglus-MacBook-Pro.local","pid":5814,"level":20,"msg":"Processed: \u001b[35mlayout/_partial/sidebar.ejs\u001b[39m","time":"2019-05-22T07:38:18.927Z","v":0}
{"name":"hexo","hostname":"zhanglus-MacBook-Pro.local","pid":5814,"level":20,"msg":"Processed: \u001b[35mlayout/_widget/archive.ejs\u001b[39m","time":"2019-05-22T07:38:18.927Z","v":0}
{"name":"hexo","hostname":"zhanglus-MacBook-Pro.local","pid":5814,"level":20,"msg":"Processed: \u001b[35mlayout/_partial/after-footer.ejs\u001b[39m","time":"2019-05-22T07:38:18.928Z","v":0}
{"name":"hexo","hostname":"zhanglus-MacBook-Pro.local","pid":5814,"level":20,"msg":"Processed: \u001b[35mlayout/_widget/category.ejs\u001b[39m","time":"2019-05-22T07:38:18.928Z","v":0}
{"name":"hexo","hostname":"zhanglus-MacBook-Pro.local","pid":5814,"level":20,"msg":"Processed: \u001b[35mlayout/_widget/recent_posts.ejs\u001b[39m","time":"2019-05-22T07:38:18.928Z","v":0}
{"name":"hexo","hostname":"zhanglus-MacBook-Pro.local","pid":5814,"level":20,"msg":"Processed: \u001b[35mlayout/_widget/tag.ejs\u001b[39m","time":"2019-05-22T07:38:18.928Z","v":0}
{"name":"hexo","hostname":"zhanglus-MacBook-Pro.local","pid":5814,"level":20,"msg":"Processed: \u001b[35mlayout/_widget/tagcloud.ejs\u001b[39m","time":"2019-05-22T07:38:18.928Z","v":0}
{"name":"hexo","hostname":"zhanglus-MacBook-Pro.local","pid":5814,"level":20,"msg":"Processed: \u001b[35msource/css/fonts/fontawesome-webfont.svg\u001b[39m","time":"2019-05-22T07:38:18.929Z","v":0}
{"name":"hexo","hostname":"zhanglus-MacBook-Pro.local","pid":5814,"level":20,"msg":"Processed: \u001b[35mlayout/_partial/post/category.ejs\u001b[39m","time":"2019-05-22T07:38:18.933Z","v":0}
{"name":"hexo","hostname":"zhanglus-MacBook-Pro.local","pid":5814,"level":20,"msg":"Processed: \u001b[35mlayout/_partial/post/date.ejs\u001b[39m","time":"2019-05-22T07:38:18.933Z","v":0}
{"name":"hexo","hostname":"zhanglus-MacBook-Pro.local","pid":5814,"level":20,"msg":"Processed: \u001b[35mlayout/_partial/post/gallery.ejs\u001b[39m","time":"2019-05-22T07:38:18.933Z","v":0}
{"name":"hexo","hostname":"zhanglus-MacBook-Pro.local","pid":5814,"level":20,"msg":"Processed: \u001b[35mlayout/_partial/post/tag.ejs\u001b[39m","time":"2019-05-22T07:38:18.933Z","v":0}
{"name":"hexo","hostname":"zhanglus-MacBook-Pro.local","pid":5814,"level":20,"msg":"Processed: \u001b[35mlayout/_partial/post/title.ejs\u001b[39m","time":"2019-05-22T07:38:18.933Z","v":0}
{"name":"hexo","hostname":"zhanglus-MacBook-Pro.local","pid":5814,"level":20,"msg":"Processed: \u001b[35mlayout/_partial/post/nav.ejs\u001b[39m","time":"2019-05-22T07:38:18.933Z","v":0}
{"name":"hexo","hostname":"zhanglus-MacBook-Pro.local","pid":5814,"level":20,"msg":"Processed: \u001b[35msource/css/images/banner.jpg\u001b[39m","time":"2019-05-22T07:38:18.934Z","v":0}
{"name":"hexo","hostname":"zhanglus-MacBook-Pro.local","pid":5814,"level":20,"msg":"Generator: \u001b[35mpage\u001b[39m","time":"2019-05-22T07:38:19.063Z","v":0}
{"name":"hexo","hostname":"zhanglus-MacBook-Pro.local","pid":5814,"level":20,"msg":"Generator: \u001b[35mpost\u001b[39m","time":"2019-05-22T07:38:19.063Z","v":0}
{"name":"hexo","hostname":"zhanglus-MacBook-Pro.local","pid":5814,"level":20,"msg":"Generator: \u001b[35marchive\u001b[39m","time":"2019-05-22T07:38:19.063Z","v":0}
{"name":"hexo","hostname":"zhanglus-MacBook-Pro.local","pid":5814,"level":20,"msg":"Generator: \u001b[35mcategory\u001b[39m","time":"2019-05-22T07:38:19.063Z","v":0}
{"name":"hexo","hostname":"zhanglus-MacBook-Pro.local","pid":5814,"level":20,"msg":"Generator: \u001b[35mindex\u001b[39m","time":"2019-05-22T07:38:19.063Z","v":0}
{"name":"hexo","hostname":"zhanglus-MacBook-Pro.local","pid":5814,"level":20,"msg":"Generator: \u001b[35mtag\u001b[39m","time":"2019-05-22T07:38:19.063Z","v":0}
{"name":"hexo","hostname":"zhanglus-MacBook-Pro.local","pid":5814,"level":20,"msg":"Generator: \u001b[35masset\u001b[39m","time":"2019-05-22T07:38:19.064Z","v":0}
{"name":"hexo","hostname":"zhanglus-MacBook-Pro.local","pid":5814,"level":30,"msg":"Hexo is running at \u001b[4mhttp://localhost:4000/\u001b[24m. Press Ctrl+C to stop.","time":"2019-05-22T07:38:19.067Z","v":0}
{"name":"hexo","hostname":"zhanglus-MacBook-Pro.local","pid":5814,"level":20,"msg":"Database saved","time":"2019-05-22T07:38:19.071Z","v":0}
{"name":"hexo","hostname":"zhanglus-MacBook-Pro.local","pid":5814,"level":20,"msg":"Rendering index: \u001b[35mindex.html\u001b[39m","time":"2019-05-22T07:38:25.469Z","v":0}
{"name":"hexo","hostname":"zhanglus-MacBook-Pro.local","pid":5814,"level":20,"msg":"Rendering index: \u001b[35mindex.html\u001b[39m","time":"2019-05-22T07:38:53.391Z","v":0}
{"name":"hexo","hostname":"zhanglus-MacBook-Pro.local","pid":5814,"level":20,"msg":"Rendering index: \u001b[35mindex.html\u001b[39m","time":"2019-05-22T07:38:53.738Z","v":0}
{"name":"hexo","hostname":"zhanglus-MacBook-Pro.local","pid":5814,"level":20,"msg":"Rendering index: \u001b[35mindex.html\u001b[39m","time":"2019-05-22T07:39:01.262Z","v":0}
{"name":"hexo","hostname":"zhanglus-MacBook-Pro.local","pid":5814,"level":20,"msg":"Rendering archive: \u001b[35marchives/index.html\u001b[39m","time":"2019-05-22T07:39:02.166Z","v":0}
{"name":"hexo","hostname":"zhanglus-MacBook-Pro.local","pid":5814,"level":20,"msg":"Rendering archive: \u001b[35marchives/index.html\u001b[39m","time":"2019-05-22T07:40:17.762Z","v":0}
{"name":"hexo","hostname":"zhanglus-MacBook-Pro.local","pid":5814,"level":20,"msg":"Rendering post: \u001b[35m2017/10/28/hello-world/index.html\u001b[39m","time":"2019-05-22T07:40:20.506Z","v":0}
